<?xml version="1.0" encoding="UTF-8"?>
<!-- Generated by org.testng.reporters.JUnitReportReporter -->
<testsuite skipped="0" hostname="MAA-5ZRFQ12" name="com.indigo.qa.testcases.Homepagetest" tests="3" failures="0" timestamp="11 Sep 2018 12:17:31 GMT" time="29.075" errors="0">
  <testcase name="searchflighttest" time="10.122" classname="com.indigo.qa.testcases.Homepagetest"/>
  <testcase name="clickespecialimg" time="9.452" classname="com.indigo.qa.testcases.Homepagetest"/>
  <testcase name="clickgiftimg" time="9.501" classname="com.indigo.qa.testcases.Homepagetest"/>
</testsuite> <!-- com.indigo.qa.testcases.Homepagetest -->
