<?xml version="1.0" encoding="UTF-8"?>
<!-- Generated by org.testng.reporters.JUnitReportReporter -->
<testsuite skipped="0" hostname="MAA-5ZRFQ12" name="com.indigo.qa.testcases.spclvouchertest" tests="1" failures="0" timestamp="11 Sep 2018 13:22:17 GMT" time="11.313" errors="0">
  <testcase name="vochertexttest" time="11.313" classname="com.indigo.qa.testcases.spclvouchertest"/>
</testsuite> <!-- com.indigo.qa.testcases.spclvouchertest -->
