<?xml version="1.0" encoding="UTF-8"?>
<!-- Generated by org.testng.reporters.JUnitReportReporter -->
<testsuite skipped="0" hostname="MAA-5ZRFQ12" name="com.indigo.qa.testcases.Bookingpagetest" tests="1" failures="0" timestamp="11 Sep 2018 13:22:17 GMT" time="14.774" errors="0">
  <testcase name="bookflight" time="14.774" classname="com.indigo.qa.testcases.Bookingpagetest"/>
</testsuite> <!-- com.indigo.qa.testcases.Bookingpagetest -->
