<?xml version="1.0" encoding="UTF-8"?>
<!-- Generated by org.testng.reporters.JUnitReportReporter -->
<testsuite skipped="0" hostname="MAA-5ZRFQ12" name="com.indigo.qa.testcases.Especialtest" tests="2" failures="0" timestamp="11 Sep 2018 13:22:17 GMT" time="23.086" errors="0">
  <testcase name="specialvouchertest" time="11.268" classname="com.indigo.qa.testcases.Especialtest"/>
  <testcase name="premiumtexttest" time="11.818" classname="com.indigo.qa.testcases.Especialtest"/>
</testsuite> <!-- com.indigo.qa.testcases.Especialtest -->
